Copyright 1986-2022 Xilinx, Inc. All Rights Reserved.
----------------------------------------------------------------------------------------------------------------------------------------------------------------
| Tool Version     : Vivado v.2022.2 (lin64) Build 3671981 Fri Oct 14 04:59:54 MDT 2022
| Date             : Thu Mar  2 16:06:52 2023
| Host             : skltmw05-Precision-3660 running 64-bit Ubuntu 22.04.2 LTS
| Command          : report_power -file Zed_v1_wrapper_power_routed.rpt -pb Zed_v1_wrapper_power_summary_routed.pb -rpx Zed_v1_wrapper_power_routed.rpx
| Design           : Zed_v1_wrapper
| Device           : xc7z020clg484-1
| Design State     : routed
| Grade            : commercial
| Process          : typical
| Characterization : Production
----------------------------------------------------------------------------------------------------------------------------------------------------------------

Power Report

Table of Contents
-----------------
1. Summary
1.1 On-Chip Components
1.2 Power Supply Summary
1.3 Confidence Level
2. Settings
2.1 Environment
2.2 Clock Constraints
3. Detailed Reports
3.1 By Hierarchy

1. Summary
----------

+--------------------------+--------------+
| Total On-Chip Power (W)  | 1.915        |
| Design Power Budget (W)  | Unspecified* |
| Power Budget Margin (W)  | NA           |
| Dynamic (W)              | 1.759        |
| Device Static (W)        | 0.156        |
| Effective TJA (C/W)      | 11.5         |
| Max Ambient (C)          | 62.9         |
| Junction Temperature (C) | 47.1         |
| Confidence Level         | Low          |
| Setting File             | ---          |
| Simulation Activity File | ---          |
| Design Nets Matched      | NA           |
+--------------------------+--------------+
* Specify Design Power Budget using, set_operating_conditions -design_power_budget <value in Watts>


1.1 On-Chip Components
----------------------

+--------------------------+-----------+----------+-----------+-----------------+
| On-Chip                  | Power (W) | Used     | Available | Utilization (%) |
+--------------------------+-----------+----------+-----------+-----------------+
| Clocks                   |     0.059 |        8 |       --- |             --- |
| Slice Logic              |     0.008 |    22036 |       --- |             --- |
|   LUT as Logic           |     0.007 |     6762 |     53200 |           12.71 |
|   CARRY4                 |    <0.001 |      337 |     13300 |            2.53 |
|   Register               |    <0.001 |    10108 |    106400 |            9.50 |
|   LUT as Distributed RAM |    <0.001 |      220 |     17400 |            1.26 |
|   LUT as Shift Register  |    <0.001 |      795 |     17400 |            4.57 |
|   F7/F8 Muxes            |    <0.001 |      246 |     53200 |            0.46 |
|   Others                 |     0.000 |     1426 |       --- |             --- |
| Signals                  |     0.013 |    15324 |       --- |             --- |
| Block RAM                |     0.014 |     31.5 |       140 |           22.50 |
| MMCM                     |     0.126 |        1 |         4 |           25.00 |
| I/O                      |     0.003 |       28 |       200 |           14.00 |
| PS7                      |     1.535 |        1 |       --- |             --- |
| Static Power             |     0.156 |          |           |                 |
| Total                    |     1.915 |          |           |                 |
+--------------------------+-----------+----------+-----------+-----------------+


1.2 Power Supply Summary
------------------------

+-----------+-------------+-----------+-------------+------------+-------------+-------------+------------+
| Source    | Voltage (V) | Total (A) | Dynamic (A) | Static (A) | Powerup (A) | Budget (A)  | Margin (A) |
+-----------+-------------+-----------+-------------+------------+-------------+-------------+------------+
| Vccint    |       1.000 |     0.112 |       0.094 |      0.018 |       NA    | Unspecified | NA         |
| Vccaux    |       1.800 |     0.086 |       0.070 |      0.016 |       NA    | Unspecified | NA         |
| Vcco33    |       3.300 |     0.002 |       0.001 |      0.001 |       NA    | Unspecified | NA         |
| Vcco25    |       2.500 |     0.000 |       0.000 |      0.000 |       NA    | Unspecified | NA         |
| Vcco18    |       1.800 |     0.001 |       0.000 |      0.001 |       NA    | Unspecified | NA         |
| Vcco15    |       1.500 |     0.000 |       0.000 |      0.000 |       NA    | Unspecified | NA         |
| Vcco135   |       1.350 |     0.000 |       0.000 |      0.000 |       NA    | Unspecified | NA         |
| Vcco12    |       1.200 |     0.000 |       0.000 |      0.000 |       NA    | Unspecified | NA         |
| Vccaux_io |       1.800 |     0.000 |       0.000 |      0.000 |       NA    | Unspecified | NA         |
| Vccbram   |       1.000 |     0.004 |       0.001 |      0.003 |       NA    | Unspecified | NA         |
| MGTAVcc   |       1.000 |     0.000 |       0.000 |      0.000 |       NA    | Unspecified | NA         |
| MGTAVtt   |       1.200 |     0.000 |       0.000 |      0.000 |       NA    | Unspecified | NA         |
| MGTVccaux |       1.800 |     0.000 |       0.000 |      0.000 |       NA    | Unspecified | NA         |
| Vccpint   |       1.000 |     0.757 |       0.724 |      0.033 |       NA    | Unspecified | NA         |
| Vccpaux   |       1.800 |     0.061 |       0.051 |      0.010 |       NA    | Unspecified | NA         |
| Vccpll    |       1.800 |     0.017 |       0.014 |      0.003 |       NA    | Unspecified | NA         |
| Vcco_ddr  |       1.500 |     0.459 |       0.457 |      0.002 |       NA    | Unspecified | NA         |
| Vcco_mio0 |       3.300 |     0.003 |       0.002 |      0.001 |       NA    | Unspecified | NA         |
| Vcco_mio1 |       1.800 |     0.003 |       0.002 |      0.001 |       NA    | Unspecified | NA         |
| Vccadc    |       1.800 |     0.020 |       0.000 |      0.020 |       NA    | Unspecified | NA         |
+-----------+-------------+-----------+-------------+------------+-------------+-------------+------------+


1.3 Confidence Level
--------------------

+-----------------------------+------------+--------------------------------------------------------+------------------------------------------------------------------------------------------------------------+
| User Input Data             | Confidence | Details                                                | Action                                                                                                     |
+-----------------------------+------------+--------------------------------------------------------+------------------------------------------------------------------------------------------------------------+
| Design implementation state | High       | Design is routed                                       |                                                                                                            |
| Clock nodes activity        | High       | User specified more than 95% of clocks                 |                                                                                                            |
| I/O nodes activity          | Low        | More than 75% of inputs are missing user specification | Provide missing input activity with simulation results or by editing the "By Resource Type -> I/Os" view   |
| Internal nodes activity     | Medium     | User specified less than 25% of internal nodes         | Provide missing internal nodes activity with simulation results or by editing the "By Resource Type" views |
| Device models               | High       | Device models are Production                           |                                                                                                            |
|                             |            |                                                        |                                                                                                            |
| Overall confidence level    | Low        |                                                        |                                                                                                            |
+-----------------------------+------------+--------------------------------------------------------+------------------------------------------------------------------------------------------------------------+


2. Settings
-----------

2.1 Environment
---------------

+-----------------------+------------------------+
| Ambient Temp (C)      | 25.0                   |
| ThetaJA (C/W)         | 11.5                   |
| Airflow (LFM)         | 250                    |
| Heat Sink             | none                   |
| ThetaSA (C/W)         | 0.0                    |
| Board Selection       | medium (10"x10")       |
| # of Board Layers     | 8to11 (8 to 11 Layers) |
| Board Temperature (C) | 25.0                   |
+-----------------------+------------------------+


2.2 Clock Constraints
---------------------

+--------------------------------------------------------------------------------------------+-------------------------------------------------------------------+-----------------+
| Clock                                                                                      | Domain                                                            | Constraint (ns) |
+--------------------------------------------------------------------------------------------+-------------------------------------------------------------------+-----------------+
| clk_fpga_0                                                                                 | Zed_v1_i/processing_system7_0/inst/FCLK_CLK0                      |            10.0 |
| clk_fpga_0                                                                                 | Zed_v1_i/processing_system7_0/inst/FCLK_CLK_unbuffered[0]         |            10.0 |
| clk_out1_Zed_v1_clk_wiz_0_0                                                                | Zed_v1_i/clk_wiz_0/inst/clk_out1_Zed_v1_clk_wiz_0_0               |            10.0 |
| clk_out2_Zed_v1_clk_wiz_0_0                                                                | Zed_v1_i/clk_wiz_0/inst/clk_out2_Zed_v1_clk_wiz_0_0               |             6.7 |
| clkfbout_Zed_v1_clk_wiz_0_0                                                                | Zed_v1_i/clk_wiz_0/inst/clkfbout_Zed_v1_clk_wiz_0_0               |            10.0 |
| dbg_hub/inst/BSCANID.u_xsdbm_id/SWITCH_N_EXT_BSCAN.bscan_inst/SERIES7_BSCAN.bscan_inst/TCK | dbg_hub/inst/BSCANID.u_xsdbm_id/SWITCH_N_EXT_BSCAN.bscan_inst/TCK |            33.0 |
+--------------------------------------------------------------------------------------------+-------------------------------------------------------------------+-----------------+


3. Detailed Reports
-------------------

3.1 By Hierarchy
----------------

+----------------------------+-----------+
| Name                       | Power (W) |
+----------------------------+-----------+
| Zed_v1_wrapper             |     1.759 |
|   Zed_v1_i                 |     1.751 |
|     PL_SPI_ADC_MasterStr_0 |     0.012 |
|       inst                 |     0.012 |
|     axi_dma_0              |     0.012 |
|       U0                   |     0.012 |
|     axi_mem_intercon       |     0.006 |
|       s00_couplers         |     0.006 |
|     axis_data_fifo_0       |     0.002 |
|       inst                 |     0.002 |
|     clk_wiz_0              |     0.127 |
|       inst                 |     0.127 |
|     processing_system7_0   |     1.536 |
|       inst                 |     1.536 |
|     ps7_0_axi_periph       |     0.005 |
|       s00_couplers         |     0.004 |
|     system_ila_0           |     0.050 |
|       inst                 |     0.050 |
|   dbg_hub                  |     0.004 |
|     inst                   |     0.004 |
|       BSCANID.u_xsdbm_id   |     0.004 |
+----------------------------+-----------+


